{"C:\\Users\\samwf\\Desktop\\To-Do-List\\src\\modules\\task.js": {"path":"C:\\Users\\samwf\\Desktop\\To-Do-List\\src\\modules\\task.js","statementMap":{"0":{"start":{"line":3,"column":4},"end":{"line":3,"column":17}},"1":{"start":{"line":4,"column":4},"end":{"line":4,"column":35}},"2":{"start":{"line":5,"column":4},"end":{"line":5,"column":23}},"3":{"start":{"line":6,"column":4},"end":{"line":6,"column":31}},"4":{"start":{"line":9,"column":19},"end":{"line":9,"column":21}},"5":{"start":{"line":12,"column":4},"end":{"line":12,"column":37}},"6":{"start":{"line":16,"column":21},"end":{"line":16,"column":49}},"7":{"start":{"line":17,"column":21},"end":{"line":17,"column":48}},"8":{"start":{"line":18,"column":23},"end":{"line":18,"column":50}},"9":{"start":{"line":19,"column":22},"end":{"line":19,"column":53}},"10":{"start":{"line":20,"column":22},"end":{"line":20,"column":53}},"11":{"start":{"line":21,"column":4},"end":{"line":21,"column":32}},"12":{"start":{"line":22,"column":4},"end":{"line":22,"column":41}},"13":{"start":{"line":23,"column":4},"end":{"line":23,"column":39}},"14":{"start":{"line":24,"column":4},"end":{"line":24,"column":46}},"15":{"start":{"line":25,"column":31},"end":{"line":25,"column":60}},"16":{"start":{"line":26,"column":4},"end":{"line":26,"column":59}},"17":{"start":{"line":27,"column":4},"end":{"line":27,"column":47}},"18":{"start":{"line":28,"column":4},"end":{"line":28,"column":37}},"19":{"start":{"line":29,"column":4},"end":{"line":32,"column":5}},"20":{"start":{"line":30,"column":6},"end":{"line":30,"column":42}},"21":{"start":{"line":31,"column":6},"end":{"line":31,"column":48}},"22":{"start":{"line":33,"column":4},"end":{"line":41,"column":7}},"23":{"start":{"line":34,"column":6},"end":{"line":34,"column":28}},"24":{"start":{"line":35,"column":6},"end":{"line":35,"column":42}},"25":{"start":{"line":36,"column":6},"end":{"line":36,"column":54}},"26":{"start":{"line":37,"column":23},"end":{"line":37,"column":73}},"27":{"start":{"line":38,"column":23},"end":{"line":38,"column":80}},"28":{"start":{"line":38,"column":53},"end":{"line":38,"column":76}},"29":{"start":{"line":39,"column":6},"end":{"line":39,"column":33}},"30":{"start":{"line":40,"column":6},"end":{"line":40,"column":66}},"31":{"start":{"line":42,"column":4},"end":{"line":42,"column":46}},"32":{"start":{"line":43,"column":28},"end":{"line":43,"column":59}},"33":{"start":{"line":44,"column":4},"end":{"line":44,"column":39}},"34":{"start":{"line":45,"column":4},"end":{"line":45,"column":51}},"35":{"start":{"line":46,"column":4},"end":{"line":46,"column":49}},"36":{"start":{"line":47,"column":4},"end":{"line":47,"column":60}},"37":{"start":{"line":48,"column":4},"end":{"line":48,"column":53}},"38":{"start":{"line":49,"column":4},"end":{"line":54,"column":7}},"39":{"start":{"line":50,"column":23},"end":{"line":50,"column":73}},"40":{"start":{"line":51,"column":23},"end":{"line":51,"column":80}},"41":{"start":{"line":51,"column":53},"end":{"line":51,"column":76}},"42":{"start":{"line":52,"column":6},"end":{"line":52,"column":47}},"43":{"start":{"line":53,"column":6},"end":{"line":53,"column":66}},"44":{"start":{"line":55,"column":4},"end":{"line":58,"column":7}},"45":{"start":{"line":56,"column":6},"end":{"line":56,"column":42}},"46":{"start":{"line":57,"column":6},"end":{"line":57,"column":54}},"47":{"start":{"line":59,"column":4},"end":{"line":62,"column":7}},"48":{"start":{"line":60,"column":6},"end":{"line":60,"column":50}},"49":{"start":{"line":61,"column":6},"end":{"line":61,"column":54}},"50":{"start":{"line":63,"column":4},"end":{"line":68,"column":7}},"51":{"start":{"line":64,"column":6},"end":{"line":64,"column":49}},"52":{"start":{"line":65,"column":6},"end":{"line":65,"column":55}},"53":{"start":{"line":66,"column":6},"end":{"line":66,"column":42}},"54":{"start":{"line":67,"column":6},"end":{"line":67,"column":54}},"55":{"start":{"line":69,"column":4},"end":{"line":69,"column":52}},"56":{"start":{"line":70,"column":4},"end":{"line":70,"column":46}},"57":{"start":{"line":71,"column":4},"end":{"line":71,"column":41}},"58":{"start":{"line":72,"column":4},"end":{"line":75,"column":7}},"59":{"start":{"line":73,"column":6},"end":{"line":73,"column":21}},"60":{"start":{"line":74,"column":6},"end":{"line":74,"column":21}},"61":{"start":{"line":76,"column":4},"end":{"line":76,"column":38}},"62":{"start":{"line":77,"column":4},"end":{"line":77,"column":37}},"63":{"start":{"line":78,"column":4},"end":{"line":78,"column":36}},"64":{"start":{"line":79,"column":4},"end":{"line":79,"column":36}},"65":{"start":{"line":80,"column":4},"end":{"line":80,"column":68}},"66":{"start":{"line":84,"column":4},"end":{"line":84,"column":85}},"67":{"start":{"line":88,"column":21},"end":{"line":88,"column":57}},"68":{"start":{"line":89,"column":4},"end":{"line":89,"column":74}},"69":{"start":{"line":89,"column":49},"end":{"line":89,"column":72}},"70":{"start":{"line":90,"column":4},"end":{"line":90,"column":50}},"71":{"start":{"line":94,"column":20},"end":{"line":94,"column":22}},"72":{"start":{"line":95,"column":4},"end":{"line":97,"column":5}},"73":{"start":{"line":95,"column":17},"end":{"line":95,"column":18}},"74":{"start":{"line":96,"column":6},"end":{"line":96,"column":57}},"75":{"start":{"line":98,"column":4},"end":{"line":98,"column":27}},"76":{"start":{"line":99,"column":4},"end":{"line":99,"column":64}},"77":{"start":{"line":103,"column":4},"end":{"line":103,"column":29}},"78":{"start":{"line":107,"column":4},"end":{"line":107,"column":66}},"79":{"start":{"line":107,"column":49},"end":{"line":107,"column":64}}},"fnMap":{"0":{"name":"(anonymous_0)","decl":{"start":{"line":2,"column":2},"end":{"line":2,"column":3}},"loc":{"start":{"line":2,"column":49},"end":{"line":7,"column":3}},"line":2},"1":{"name":"(anonymous_1)","decl":{"start":{"line":11,"column":2},"end":{"line":11,"column":3}},"loc":{"start":{"line":11,"column":20},"end":{"line":13,"column":3}},"line":11},"2":{"name":"(anonymous_2)","decl":{"start":{"line":15,"column":2},"end":{"line":15,"column":3}},"loc":{"start":{"line":15,"column":8},"end":{"line":81,"column":3}},"line":15},"3":{"name":"(anonymous_3)","decl":{"start":{"line":33,"column":41},"end":{"line":33,"column":42}},"loc":{"start":{"line":33,"column":48},"end":{"line":41,"column":5}},"line":33},"4":{"name":"(anonymous_4)","decl":{"start":{"line":38,"column":43},"end":{"line":38,"column":44}},"loc":{"start":{"line":38,"column":53},"end":{"line":38,"column":76}},"line":38},"5":{"name":"(anonymous_5)","decl":{"start":{"line":49,"column":46},"end":{"line":49,"column":47}},"loc":{"start":{"line":49,"column":53},"end":{"line":54,"column":5}},"line":49},"6":{"name":"(anonymous_6)","decl":{"start":{"line":51,"column":43},"end":{"line":51,"column":44}},"loc":{"start":{"line":51,"column":53},"end":{"line":51,"column":76}},"line":51},"7":{"name":"(anonymous_7)","decl":{"start":{"line":55,"column":46},"end":{"line":55,"column":47}},"loc":{"start":{"line":55,"column":52},"end":{"line":58,"column":5}},"line":55},"8":{"name":"(anonymous_8)","decl":{"start":{"line":59,"column":49},"end":{"line":59,"column":50}},"loc":{"start":{"line":59,"column":55},"end":{"line":62,"column":5}},"line":59},"9":{"name":"(anonymous_9)","decl":{"start":{"line":63,"column":45},"end":{"line":63,"column":46}},"loc":{"start":{"line":63,"column":51},"end":{"line":68,"column":5}},"line":63},"10":{"name":"(anonymous_10)","decl":{"start":{"line":72,"column":41},"end":{"line":72,"column":42}},"loc":{"start":{"line":72,"column":48},"end":{"line":75,"column":5}},"line":72},"11":{"name":"(anonymous_11)","decl":{"start":{"line":83,"column":2},"end":{"line":83,"column":3}},"loc":{"start":{"line":83,"column":26},"end":{"line":85,"column":3}},"line":83},"12":{"name":"(anonymous_12)","decl":{"start":{"line":87,"column":2},"end":{"line":87,"column":3}},"loc":{"start":{"line":87,"column":19},"end":{"line":91,"column":3}},"line":87},"13":{"name":"(anonymous_13)","decl":{"start":{"line":89,"column":39},"end":{"line":89,"column":40}},"loc":{"start":{"line":89,"column":49},"end":{"line":89,"column":72}},"line":89},"14":{"name":"(anonymous_14)","decl":{"start":{"line":93,"column":2},"end":{"line":93,"column":3}},"loc":{"start":{"line":93,"column":19},"end":{"line":100,"column":3}},"line":93},"15":{"name":"(anonymous_15)","decl":{"start":{"line":102,"column":2},"end":{"line":102,"column":3}},"loc":{"start":{"line":102,"column":25},"end":{"line":104,"column":3}},"line":102},"16":{"name":"(anonymous_16)","decl":{"start":{"line":106,"column":2},"end":{"line":106,"column":3}},"loc":{"start":{"line":106,"column":29},"end":{"line":108,"column":3}},"line":106},"17":{"name":"(anonymous_17)","decl":{"start":{"line":107,"column":39},"end":{"line":107,"column":40}},"loc":{"start":{"line":107,"column":49},"end":{"line":107,"column":64}},"line":107}},"branchMap":{"0":{"loc":{"start":{"line":29,"column":4},"end":{"line":32,"column":5}},"type":"if","locations":[{"start":{"line":29,"column":4},"end":{"line":32,"column":5}},{"start":{},"end":{}}],"line":29}},"s":{"0":2,"1":2,"2":2,"3":2,"4":1,"5":0,"6":2,"7":2,"8":2,"9":2,"10":2,"11":2,"12":2,"13":2,"14":2,"15":2,"16":2,"17":2,"18":2,"19":2,"20":0,"21":0,"22":2,"23":0,"24":0,"25":0,"26":0,"27":0,"28":0,"29":0,"30":0,"31":2,"32":2,"33":2,"34":2,"35":2,"36":2,"37":2,"38":2,"39":0,"40":0,"41":0,"42":0,"43":0,"44":2,"45":0,"46":0,"47":2,"48":0,"49":0,"50":2,"51":0,"52":0,"53":0,"54":0,"55":2,"56":2,"57":2,"58":2,"59":1,"60":1,"61":2,"62":2,"63":2,"64":2,"65":2,"66":0,"67":1,"68":1,"69":0,"70":1,"71":1,"72":1,"73":1,"74":0,"75":1,"76":1,"77":0,"78":0,"79":0},"f":{"0":2,"1":0,"2":2,"3":0,"4":0,"5":0,"6":0,"7":0,"8":0,"9":0,"10":1,"11":0,"12":1,"13":0,"14":1,"15":0,"16":0,"17":0},"b":{"0":[0,2]},"_coverageSchema":"1a1c01bbd47fc00a2c39e90264f33305004495a9","hash":"27f36a73e0a60056df2dcb038339b2cb3de7f09b"}
}
